  Source.cpp
c:\users\asus\desktop\программы-20210221t143353z-001\source.cpp(39): error C4430: отсутствует спецификатор типа - предполагается int. Примечание. C++ не поддерживает int по умолчанию
c:\users\asus\desktop\программы-20210221t143353z-001\source.cpp(39): error C2146: синтаксическая ошибка: отсутствие ";" перед идентификатором "tree"
c:\users\asus\desktop\программы-20210221t143353z-001\source.cpp(111): warning C4018: <: несоответствие типов со знаком и без знака
c:\users\asus\desktop\программы-20210221t143353z-001\source.cpp(129): warning C4018: <: несоответствие типов со знаком и без знака
c:\users\asus\desktop\программы-20210221t143353z-001\source.cpp(179): warning C4129: W: неизвестная escape-последовательность
c:\users\asus\desktop\программы-20210221t143353z-001\source.cpp(181): warning C4129: W: неизвестная escape-последовательность
c:\users\asus\desktop\программы-20210221t143353z-001\source.cpp(181): warning C4129: ^: неизвестная escape-последовательность
c:\users\asus\desktop\программы-20210221t143353z-001\source.cpp(181): warning C4129: |: неизвестная escape-последовательность
c:\users\asus\desktop\программы-20210221t143353z-001\source.cpp(193): warning C4018: <: несоответствие типов со знаком и без знака
c:\users\asus\desktop\программы-20210221t143353z-001\source.cpp(204): warning C4018: <: несоответствие типов со знаком и без знака
c:\users\asus\desktop\программы-20210221t143353z-001\source.cpp(229): warning C4018: >: несоответствие типов со знаком и без знака
c:\users\asus\desktop\программы-20210221t143353z-001\source.cpp(240): warning C4018: >: несоответствие типов со знаком и без знака
c:\users\asus\desktop\программы-20210221t143353z-001\source.cpp(241): warning C4018: <: несоответствие типов со знаком и без знака
c:\users\asus\desktop\программы-20210221t143353z-001\source.cpp(249): warning C4018: >: несоответствие типов со знаком и без знака
c:\users\asus\desktop\программы-20210221t143353z-001\source.cpp(250): warning C4018: <: несоответствие типов со знаком и без знака
c:\users\asus\desktop\программы-20210221t143353z-001\source.cpp(260): warning C4018: >: несоответствие типов со знаком и без знака
c:\users\asus\desktop\программы-20210221t143353z-001\source.cpp(261): warning C4018: <: несоответствие типов со знаком и без знака
c:\users\asus\desktop\программы-20210221t143353z-001\source.cpp(275): warning C4018: >: несоответствие типов со знаком и без знака
c:\users\asus\desktop\программы-20210221t143353z-001\source.cpp(276): warning C4018: <: несоответствие типов со знаком и без знака
c:\users\asus\desktop\программы-20210221t143353z-001\source.cpp(284): warning C4018: <: несоответствие типов со знаком и без знака
c:\users\asus\desktop\программы-20210221t143353z-001\source.cpp(294): warning C4018: >: несоответствие типов со знаком и без знака
c:\users\asus\desktop\программы-20210221t143353z-001\source.cpp(312): warning C4018: >: несоответствие типов со знаком и без знака
c:\users\asus\desktop\программы-20210221t143353z-001\source.cpp(318): warning C4018: >: несоответствие типов со знаком и без знака
c:\users\asus\desktop\программы-20210221t143353z-001\source.cpp(339): warning C4018: >: несоответствие типов со знаком и без знака
c:\users\asus\desktop\программы-20210221t143353z-001\source.cpp(352): warning C4018: >: несоответствие типов со знаком и без знака
c:\users\asus\desktop\программы-20210221t143353z-001\source.cpp(378): warning C4018: >: несоответствие типов со знаком и без знака
c:\users\asus\desktop\программы-20210221t143353z-001\source.cpp(393): warning C4018: >: несоответствие типов со знаком и без знака
c:\users\asus\desktop\программы-20210221t143353z-001\source.cpp(396): warning C4018: <: несоответствие типов со знаком и без знака
c:\users\asus\desktop\программы-20210221t143353z-001\source.cpp(403): warning C4018: <: несоответствие типов со знаком и без знака
c:\users\asus\desktop\программы-20210221t143353z-001\source.cpp(408): warning C4018: <: несоответствие типов со знаком и без знака
c:\users\asus\desktop\программы-20210221t143353z-001\source.cpp(416): warning C4018: <: несоответствие типов со знаком и без знака
c:\users\asus\desktop\программы-20210221t143353z-001\source.cpp(422): warning C4018: <: несоответствие типов со знаком и без знака
c:\users\asus\desktop\программы-20210221t143353z-001\source.cpp(428): warning C4018: <: несоответствие типов со знаком и без знака
